c:\users\郑凯戈\desktop\game\game\x64\release\vc143.pdb
c:\users\郑凯戈\desktop\game\game\x64\release\window.obj
c:\users\郑凯戈\desktop\game\game\x64\release\startgamebutton.obj
c:\users\郑凯戈\desktop\game\game\x64\release\setdifficultybutton.obj
c:\users\郑凯戈\desktop\game\game\x64\release\pushbutton.obj
c:\users\郑凯戈\desktop\game\game\x64\release\player.obj
c:\users\郑凯戈\desktop\game\game\x64\release\monster.obj
c:\users\郑凯戈\desktop\game\game\x64\release\main.obj
c:\users\郑凯戈\desktop\game\game\x64\release\introbutton.obj
c:\users\郑凯戈\desktop\game\game\x64\release\exitbutton.obj
c:\users\郑凯戈\desktop\game\game\x64\release\changedifficultybutton.obj
c:\users\郑凯戈\desktop\game\game\x64\release\backmenubutton.obj
c:\users\郑凯戈\desktop\game\game\x64\release\game.ipdb
c:\users\郑凯戈\desktop\game\game\x64\release\game.iobj
c:\users\郑凯戈\desktop\game\game\x64\release\game.exe
c:\users\郑凯戈\desktop\game\game\x64\release\game.pdb
c:\users\郑凯戈\desktop\game\game\x64\release\game.tlog\cl.command.1.tlog
c:\users\郑凯戈\desktop\game\game\x64\release\game.tlog\cl.read.1.tlog
c:\users\郑凯戈\desktop\game\game\x64\release\game.tlog\cl.write.1.tlog
c:\users\郑凯戈\desktop\game\game\x64\release\game.tlog\game.write.1u.tlog
c:\users\郑凯戈\desktop\game\game\x64\release\game.tlog\link.command.1.tlog
c:\users\郑凯戈\desktop\game\game\x64\release\game.tlog\link.read.1.tlog
c:\users\郑凯戈\desktop\game\game\x64\release\game.tlog\link.write.1.tlog
